<?xml version="1.0" encoding="UTF-8"?>
<!-- Generated by org.testng.reporters.JUnitXMLReporter -->
<testsuite ignored="0" hostname="Sunil" failures="0" tests="3" name="Test" time="115.768" errors="0" timestamp="2023-08-23T16:50:55 IST">
  <testcase classname="E_commerce.amazon" name="amazontest" time="74.64"/>
  <testcase classname="E_commerce.Flipkart" name="FlipkartTest" time="30.711"/>
  <testcase classname="E_commerce.Snapdeal" name="snapdealTest" time="10.322"/>
</testsuite> <!-- Test -->
