<?xml version="1.0" encoding="UTF-8"?>
<!-- Generated by org.testng.reporters.JUnitXMLReporter -->
<testsuite ignored="0" hostname="Sunil" failures="0" tests="3" name="Test" time="45.792" errors="0" timestamp="2023-08-29T20:47:00 IST">
  <testcase classname="E_commerce.amazon" name="amazontest" time="25.013"/>
  <testcase classname="E_commerce.Flipkart" name="FlipkartTest" time="12.057"/>
  <testcase classname="E_commerce.Snapdeal" name="snapdealTest" time="8.657"/>
</testsuite> <!-- Test -->
