<?xml version="1.0" encoding="UTF-8"?>
<!-- Generated by org.testng.reporters.JUnitXMLReporter -->
<testsuite ignored="0" hostname="Sunil" failures="0" tests="3" name="Test" time="56.668" errors="0" timestamp="2023-08-23T19:46:13 IST">
  <testcase classname="E_commerce.amazon" name="amazontest" time="32.571"/>
  <testcase classname="E_commerce.Flipkart" name="FlipkartTest" time="11.926"/>
  <testcase classname="E_commerce.Snapdeal" name="snapdealTest" time="12.096"/>
</testsuite> <!-- Test -->
