<?xml version="1.0" encoding="UTF-8"?>
<testng-results ignored="0" total="3" passed="3" failed="0" skipped="0">
  <reporter-output>
    <line>
      <![CDATA[opening amazon]]>
    </line>
    <line>
      <![CDATA[opening Flipkart]]>
    </line>
    <line>
      <![CDATA[opening sd]]>
    </line>
  </reporter-output>
  <suite started-at="2023-08-29T20:46:14 IST" name="Suite" finished-at="2023-08-29T20:47:00 IST" duration-ms="45792">
    <groups>
    </groups>
    <test started-at="2023-08-29T20:46:14 IST" name="Test" finished-at="2023-08-29T20:47:00 IST" duration-ms="45792">
      <class name="E_commerce.Snapdeal">
        <test-method signature="snapdealTest()[pri:0, instance:E_commerce.Snapdeal@5bfa9431]" started-at="2023-08-29T20:46:51 IST" name="snapdealTest" finished-at="2023-08-29T20:47:00 IST" duration-ms="8657" status="PASS">
          <reporter-output>
            <line>
              <![CDATA[opening sd]]>
            </line>
          </reporter-output>
        </test-method> <!-- snapdealTest -->
      </class> <!-- E_commerce.Snapdeal -->
      <class name="E_commerce.Flipkart">
        <test-method signature="FlipkartTest()[pri:0, instance:E_commerce.Flipkart@2fd6b6c7]" started-at="2023-08-29T20:46:39 IST" name="FlipkartTest" finished-at="2023-08-29T20:46:51 IST" duration-ms="12057" status="PASS">
          <reporter-output>
            <line>
              <![CDATA[opening Flipkart]]>
            </line>
          </reporter-output>
        </test-method> <!-- FlipkartTest -->
      </class> <!-- E_commerce.Flipkart -->
      <class name="E_commerce.amazon">
        <test-method signature="amazontest()[pri:0, instance:E_commerce.amazon@184cf7cf]" started-at="2023-08-29T20:46:14 IST" name="amazontest" finished-at="2023-08-29T20:46:39 IST" duration-ms="25013" status="PASS">
          <reporter-output>
            <line>
              <![CDATA[opening amazon]]>
            </line>
          </reporter-output>
        </test-method> <!-- amazontest -->
      </class> <!-- E_commerce.amazon -->
    </test> <!-- Test -->
  </suite> <!-- Suite -->
</testng-results>
